ARM GAS  C:\Users\kotaro\AppData\Local\Temp\cc5Xu5Xg.s 			page 1


   1              		.cpu cortex-m4
   2              		.eabi_attribute 27, 1
   3              		.eabi_attribute 28, 1
   4              		.eabi_attribute 20, 1
   5              		.eabi_attribute 21, 1
   6              		.eabi_attribute 23, 3
   7              		.eabi_attribute 24, 1
   8              		.eabi_attribute 25, 1
   9              		.eabi_attribute 26, 1
  10              		.eabi_attribute 30, 1
  11              		.eabi_attribute 34, 1
  12              		.eabi_attribute 18, 4
  13              		.file	"function.c"
  14              		.text
  15              	.Ltext0:
  16              		.cfi_sections	.debug_frame
  17              		.section	.text.machine_init,"ax",%progbits
  18              		.align	1
  19              		.global	machine_init
  20              		.syntax unified
  21              		.thumb
  22              		.thumb_func
  23              		.fpu fpv4-sp-d16
  25              	machine_init:
  26              	.LFB126:
  27              		.file 1 "Src/function.c"
   1:Src/function.c **** #include "function.h"
   2:Src/function.c **** // peripheeral
   3:Src/function.c **** #include "stm32f4xx_hal.h"
   4:Src/function.c **** #include "adc.h"
   5:Src/function.c **** #include "tim.h"
   6:Src/function.c **** #include "spi.h"
   7:Src/function.c **** #include "gpio.h"
   8:Src/function.c **** 
   9:Src/function.c **** //common
  10:Src/function.c **** //#include "flash.h"
  11:Src/function.c **** //#include "logger.h"
  12:Src/function.c **** 
  13:Src/function.c **** ///////////////////////////////////////////////////////////////////////
  14:Src/function.c **** // machine_init
  15:Src/function.c **** // [argument] nothinh
  16:Src/function.c **** // [Substitutiong] batt_voltage
  17:Src/function.c **** // [return] nothing
  18:Src/function.c **** ///////////////////////////////////////////////////////////////////////
  19:Src/function.c **** void machine_init( void )
  20:Src/function.c **** {
  28              		.loc 1 20 0
  29              		.cfi_startproc
  30              		@ args = 0, pretend = 0, frame = 0
  31              		@ frame_needed = 0, uses_anonymous_args = 0
  32 0000 08B5     		push	{r3, lr}
  33              	.LCFI0:
  34              		.cfi_def_cfa_offset 8
  35              		.cfi_offset 3, -8
  36              		.cfi_offset 14, -4
  21:Src/function.c ****   setbuf( stdout, NULL );
  37              		.loc 1 21 0
ARM GAS  C:\Users\kotaro\AppData\Local\Temp\cc5Xu5Xg.s 			page 2


  38 0002 0A4B     		ldr	r3, .L3
  39 0004 1B68     		ldr	r3, [r3]
  40 0006 0021     		movs	r1, #0
  41 0008 9868     		ldr	r0, [r3, #8]
  42 000a FFF7FEFF 		bl	setbuf
  43              	.LVL0:
  22:Src/function.c ****   failSafe_flag = 0;
  44              		.loc 1 22 0
  45 000e 084B     		ldr	r3, .L3+4
  46 0010 0022     		movs	r2, #0
  47 0012 1A70     		strb	r2, [r3]
  23:Src/function.c ****   //buzzerSetMonophonic( NORMAL, 100 );
  24:Src/function.c ****   //HAL_Delay( 101 );
  25:Src/function.c ****   MPU6500_init();
  48              		.loc 1 25 0
  49 0014 FFF7FEFF 		bl	MPU6500_init
  50              	.LVL1:
  26:Src/function.c ****   //buzzerSetMonophonic( NORMAL, 100 );
  27:Src/function.c ****   //HAL_TIM_Encoder_Start( &htim2, TIM_CHANNEL_ALL ); // encoder
  28:Src/function.c ****   //HAL_TIM_Encoder_Start( &htim8, TIM_CHANNEL_ALL ); // encoder
  29:Src/function.c ****   //log_init();
  30:Src/function.c ****   battChecker();
  51              		.loc 1 30 0
  52 0018 FFF7FEFF 		bl	battChecker
  53              	.LVL2:
  31:Src/function.c ****   //buzzerSetMonophonic( NORMAL, 100 );
  32:Src/function.c ****   HAL_Delay(1000);
  54              		.loc 1 32 0
  55 001c 4FF47A70 		mov	r0, #1000
  56 0020 FFF7FEFF 		bl	HAL_Delay
  57              	.LVL3:
  33:Src/function.c ****   MPU6500_z_axis_offset_calc_start();
  58              		.loc 1 33 0
  59 0024 FFF7FEFF 		bl	MPU6500_z_axis_offset_calc_start
  60              	.LVL4:
  34:Src/function.c **** }...
  61              		.loc 1 34 0
  62 0028 08BD     		pop	{r3, pc}
  63              	.L4:
  64 002a 00BF     		.align	2
  65              	.L3:
  66 002c 00000000 		.word	_impure_ptr
  67 0030 00000000 		.word	failSafe_flag
  68              		.cfi_endproc
  69              	.LFE126:
  71              		.text
  72              	.Letext0:
  73              		.file 2 "c:\\program files (x86)\\gnu tools arm embedded\\7 2017-q4-major\\arm-none-eabi\\include\
  74              		.file 3 "c:\\program files (x86)\\gnu tools arm embedded\\7 2017-q4-major\\arm-none-eabi\\include\
  75              		.file 4 "Inc/variable.h"
  76              		.file 5 "Drivers/CMSIS/Include/core_cm4.h"
  77              		.file 6 "Drivers/CMSIS/Device/ST/STM32F4xx/Include/system_stm32f4xx.h"
  78              		.file 7 "Drivers/CMSIS/Device/ST/STM32F4xx/Include/stm32f411xe.h"
  79              		.file 8 "c:\\program files (x86)\\gnu tools arm embedded\\7 2017-q4-major\\arm-none-eabi\\include\
  80              		.file 9 "c:\\program files (x86)\\gnu tools arm embedded\\7 2017-q4-major\\arm-none-eabi\\include\
  81              		.file 10 "c:\\program files (x86)\\gnu tools arm embedded\\7 2017-q4-major\\lib\\gcc\\arm-none-eab
  82              		.file 11 "c:\\program files (x86)\\gnu tools arm embedded\\7 2017-q4-major\\arm-none-eabi\\include
ARM GAS  C:\Users\kotaro\AppData\Local\Temp\cc5Xu5Xg.s 			page 3


  83              		.file 12 "Drivers/STM32F4xx_HAL_Driver/Inc/stm32f4xx_hal_def.h"
  84              		.file 13 "Drivers/STM32F4xx_HAL_Driver/Inc/stm32f4xx_hal_dma.h"
  85              		.file 14 "Drivers/STM32F4xx_HAL_Driver/Inc/stm32f4xx_hal_adc.h"
  86              		.file 15 "Drivers/STM32F4xx_HAL_Driver/Inc/stm32f4xx_hal_spi.h"
  87              		.file 16 "Drivers/STM32F4xx_HAL_Driver/Inc/stm32f4xx_hal_tim.h"
  88              		.file 17 "Inc/adc.h"
  89              		.file 18 "Inc/tim.h"
  90              		.file 19 "Inc/spi.h"
  91              		.file 20 "c:\\program files (x86)\\gnu tools arm embedded\\7 2017-q4-major\\arm-none-eabi\\include
  92              		.file 21 "Drivers/STM32F4xx_HAL_Driver/Inc/stm32f4xx_hal.h"
ARM GAS  C:\Users\kotaro\AppData\Local\Temp\cc5Xu5Xg.s 			page 4


DEFINED SYMBOLS
                            *ABS*:00000000 function.c
C:\Users\kotaro\AppData\Local\Temp\cc5Xu5Xg.s:18     .text.machine_init:00000000 $t
C:\Users\kotaro\AppData\Local\Temp\cc5Xu5Xg.s:25     .text.machine_init:00000000 machine_init
C:\Users\kotaro\AppData\Local\Temp\cc5Xu5Xg.s:66     .text.machine_init:0000002c $d

UNDEFINED SYMBOLS
setbuf
MPU6500_init
battChecker
HAL_Delay
MPU6500_z_axis_offset_calc_start
_impure_ptr
failSafe_flag
