ARM GAS  C:\Users\kotaro\AppData\Local\Temp\cc3cT2LD.s 			page 1


   1              		.cpu cortex-m4
   2              		.eabi_attribute 27, 1
   3              		.eabi_attribute 28, 1
   4              		.eabi_attribute 20, 1
   5              		.eabi_attribute 21, 1
   6              		.eabi_attribute 23, 3
   7              		.eabi_attribute 24, 1
   8              		.eabi_attribute 25, 1
   9              		.eabi_attribute 26, 1
  10              		.eabi_attribute 30, 1
  11              		.eabi_attribute 34, 1
  12              		.eabi_attribute 18, 4
  13              		.file	"variable.c"
  14              		.text
  15              	.Ltext0:
  16              		.cfi_sections	.debug_frame
  17              		.comm	enc_r,2,2
  18              		.comm	enc_l,2,2
  19              		.comm	maze_step,4096,4
  20              		.comm	wait_flag,1,1
  21              		.comm	failSafe_flag,1,1
  22              		.comm	accel_data,4,4
  23              		.comm	motion_end,2,2
  24              		.comm	motion_last,2,2
  25              		.comm	motion_queue,256,4
  26              		.comm	dirwall_control_flag,1,1
  27              		.comm	wall_out_flag,1,1
  28              		.comm	frontwall_control_flag,1,1
  29              		.comm	sidewall_control_flag,1,1
  30              		.comm	cnt_act,4,4
  31              		.comm	cnt_motion,4,4
  32              		.comm	mode_distance,4,4
  33              		.comm	mode_counter,1,1
  34              		.comm	batt_monitor,4,4
  35              		.comm	mypos,3,4
  36              		.comm	wall_bit,532,4
  37              		.comm	wall_data,532,4
  38              		.comm	sen_r_log,12,4
  39              		.comm	sen_l_log,12,4
  40              		.comm	sen_fr_log,12,4
  41              		.comm	sen_fl_log,12,4
  42              		.global	sen_r
  43              		.global	sen_l
  44              		.global	sen_fr
  45              		.global	sen_fl
  46              		.global	sen_front
  47              		.comm	duty,8,4
  48              		.comm	enc_value,12,4
  49              		.comm	rotation_deviation,8,4
  50              		.comm	run_right_deviation,8,4
  51              		.comm	run_left_deviation,8,4
  52              		.comm	sensor_gain,12,4
  53              		.comm	rotation_gain,12,4
  54              		.comm	translation_gain,12,4
  55              		.comm	slarom300,24,4
  56              		.comm	motion_end_flag,1,1
  57              		.comm	rotation_param,8,4
ARM GAS  C:\Users\kotaro\AppData\Local\Temp\cc3cT2LD.s 			page 2


  58              		.comm	run_param,8,4
  59              		.comm	rotation_trape_param,52,4
  60              		.comm	translation_trape_param,52,4
  61              		.comm	rotation_ideal,16,4
  62              		.comm	translation_ideal,16,4
  63              		.comm	rotation_real,16,4
  64              		.comm	translation_real,16,4
  65              		.comm	right_real,16,4
  66              		.comm	left_real,16,4
  67              		.section	.data.sen_fl,"aw",%progbits
  68              		.align	2
  71              	sen_fl:
  72 0000 0000     		.short	0
  73 0002 0801     		.short	264
  74 0004 0000     		.short	0
  75 0006 0000     		.short	0
  76 0008 0000     		.short	0
  77 000a 00       		.byte	0
  78 000b 00       		.space	1
  79              		.section	.data.sen_fr,"aw",%progbits
  80              		.align	2
  83              	sen_fr:
  84 0000 0000     		.short	0
  85 0002 ED00     		.short	237
  86 0004 0000     		.short	0
  87 0006 0000     		.short	0
  88 0008 0000     		.short	0
  89 000a 00       		.byte	0
  90 000b 00       		.space	1
  91              		.section	.data.sen_front,"aw",%progbits
  92              		.align	2
  95              	sen_front:
  96 0000 0000     		.short	0
  97 0002 D202     		.short	722
  98 0004 6400     		.short	100
  99 0006 0000     		.short	0
 100 0008 0000     		.short	0
 101 000a 00       		.byte	0
 102 000b 00       		.space	1
 103              		.section	.data.sen_l,"aw",%progbits
 104              		.align	2
 107              	sen_l:
 108 0000 0000     		.short	0
 109 0002 B400     		.short	180
 110 0004 9600     		.short	150
 111 0006 0000     		.short	0
 112 0008 0000     		.short	0
 113 000a 00       		.byte	0
 114 000b 00       		.space	1
 115              		.section	.data.sen_r,"aw",%progbits
 116              		.align	2
 119              	sen_r:
 120 0000 0000     		.short	0
 121 0002 D800     		.short	216
 122 0004 9B00     		.short	155
 123 0006 0000     		.short	0
 124 0008 0000     		.short	0
ARM GAS  C:\Users\kotaro\AppData\Local\Temp\cc3cT2LD.s 			page 3


 125 000a 00       		.byte	0
 126 000b 00       		.space	1
 127              		.text
 128              	.Letext0:
 129              		.file 1 "c:\\program files (x86)\\gnu tools arm embedded\\7 2017-q4-major\\arm-none-eabi\\include\
 130              		.file 2 "c:\\program files (x86)\\gnu tools arm embedded\\7 2017-q4-major\\arm-none-eabi\\include\
 131              		.file 3 "Inc/variable.h"
 132              		.file 4 "Src/variable.c"
ARM GAS  C:\Users\kotaro\AppData\Local\Temp\cc3cT2LD.s 			page 4


DEFINED SYMBOLS
                            *ABS*:00000000 variable.c
                            *COM*:00000002 enc_r
                            *COM*:00000002 enc_l
                            *COM*:00001000 maze_step
                            *COM*:00000001 wait_flag
                            *COM*:00000001 failSafe_flag
                            *COM*:00000004 accel_data
                            *COM*:00000002 motion_end
                            *COM*:00000002 motion_last
                            *COM*:00000100 motion_queue
                            *COM*:00000001 dirwall_control_flag
                            *COM*:00000001 wall_out_flag
                            *COM*:00000001 frontwall_control_flag
                            *COM*:00000001 sidewall_control_flag
                            *COM*:00000004 cnt_act
                            *COM*:00000004 cnt_motion
                            *COM*:00000004 mode_distance
                            *COM*:00000001 mode_counter
                            *COM*:00000004 batt_monitor
                            *COM*:00000003 mypos
                            *COM*:00000214 wall_bit
                            *COM*:00000214 wall_data
                            *COM*:0000000c sen_r_log
                            *COM*:0000000c sen_l_log
                            *COM*:0000000c sen_fr_log
                            *COM*:0000000c sen_fl_log
C:\Users\kotaro\AppData\Local\Temp\cc3cT2LD.s:119    .data.sen_r:00000000 sen_r
C:\Users\kotaro\AppData\Local\Temp\cc3cT2LD.s:107    .data.sen_l:00000000 sen_l
C:\Users\kotaro\AppData\Local\Temp\cc3cT2LD.s:83     .data.sen_fr:00000000 sen_fr
C:\Users\kotaro\AppData\Local\Temp\cc3cT2LD.s:71     .data.sen_fl:00000000 sen_fl
C:\Users\kotaro\AppData\Local\Temp\cc3cT2LD.s:95     .data.sen_front:00000000 sen_front
                            *COM*:00000008 duty
                            *COM*:0000000c enc_value
                            *COM*:00000008 rotation_deviation
                            *COM*:00000008 run_right_deviation
                            *COM*:00000008 run_left_deviation
                            *COM*:0000000c sensor_gain
                            *COM*:0000000c rotation_gain
                            *COM*:0000000c translation_gain
                            *COM*:00000018 slarom300
                            *COM*:00000001 motion_end_flag
                            *COM*:00000008 rotation_param
                            *COM*:00000008 run_param
                            *COM*:00000034 rotation_trape_param
                            *COM*:00000034 translation_trape_param
                            *COM*:00000010 rotation_ideal
                            *COM*:00000010 translation_ideal
                            *COM*:00000010 rotation_real
                            *COM*:00000010 translation_real
                            *COM*:00000010 right_real
                            *COM*:00000010 left_real
C:\Users\kotaro\AppData\Local\Temp\cc3cT2LD.s:68     .data.sen_fl:00000000 $d
C:\Users\kotaro\AppData\Local\Temp\cc3cT2LD.s:80     .data.sen_fr:00000000 $d
C:\Users\kotaro\AppData\Local\Temp\cc3cT2LD.s:92     .data.sen_front:00000000 $d
C:\Users\kotaro\AppData\Local\Temp\cc3cT2LD.s:104    .data.sen_l:00000000 $d
C:\Users\kotaro\AppData\Local\Temp\cc3cT2LD.s:116    .data.sen_r:00000000 $d
ARM GAS  C:\Users\kotaro\AppData\Local\Temp\cc3cT2LD.s 			page 5



NO UNDEFINED SYMBOLS
